<?xml version="1.0" encoding="UTF-8"?>
<!-- Generated by org.testng.reporters.JUnitXMLReporter -->
<testsuite hostname="DESKTOP-L28IVB5" ignored="0" name="Default test" tests="8" failures="0" timestamp="2021-08-30T15:38:18 IST" time="26.372" errors="0">
  <testcase name="validateLoginFunctionality" time="8.054" classname="TestLayer.ContactPageTest"/>
  <testcase name="validateLoggedUserName" time="7.562" classname="TestLayer.ContactPageTest"/>
  <testcase name="validateContactLink" time="0.216" classname="TestLayer.ContactPageTest"/>
  <testcase name="ValidateCreateNewUserInContactPage" time="0.286" classname="TestLayer.ContactPageTest"/>
  <testcase name="ValidateFirstNameIncontactPage" time="0.429" classname="TestLayer.ContactPageTest"/>
  <testcase name="ValidateMiddleNameIncontactPage" time="0.377" classname="TestLayer.ContactPageTest"/>
  <testcase name="ValidateLastNameIncontactPage" time="0.232" classname="TestLayer.ContactPageTest"/>
  <testcase name="ValidateEmailIdIncontactPage" time="0.985" classname="TestLayer.ContactPageTest"/>
</testsuite> <!-- Default test -->
