<?xml version="1.0" encoding="UTF-8"?>
<!-- Generated by org.testng.reporters.JUnitXMLReporter -->
<testsuite hostname="DESKTOP-L28IVB5" ignored="0" name="Test" tests="8" failures="0" timestamp="2021-08-31T09:27:06 IST" time="22.791" errors="0">
  <testcase name="validateLoginFunctionality" time="7.646" classname="TestLayer.ContactPageTest"/>
  <testcase name="validateLoggedUserName" time="6.5" classname="TestLayer.ContactPageTest"/>
  <testcase name="validateContactLink" time="0.14" classname="TestLayer.ContactPageTest"/>
  <testcase name="ValidateCreateNewUserInContactPage" time="0.301" classname="TestLayer.ContactPageTest"/>
  <testcase name="ValidateFirstNameIncontactPage" time="0.356" classname="TestLayer.ContactPageTest"/>
  <testcase name="ValidateMiddleNameIncontactPage" time="0.349" classname="TestLayer.ContactPageTest"/>
  <testcase name="ValidateLastNameIncontactPage" time="0.246" classname="TestLayer.ContactPageTest"/>
  <testcase name="ValidateEmailIdIncontactPage" time="0.889" classname="TestLayer.ContactPageTest"/>
</testsuite> <!-- Test -->
