<?xml version="1.0" encoding="UTF-8"?>
<testng-results skipped="0" failed="0" ignored="0" total="8" passed="8">
  <reporter-output>
  </reporter-output>
  <suite name="Suite" duration-ms="22791" started-at="2021-08-31T09:26:44 IST" finished-at="2021-08-31T09:27:06 IST">
    <groups>
    </groups>
    <test name="Test" duration-ms="22791" started-at="2021-08-31T09:26:44 IST" finished-at="2021-08-31T09:27:06 IST">
      <class name="TestLayer.ContactPageTest">
        <test-method status="PASS" signature="setUp()[pri:0, instance:TestLayer.ContactPageTest@77ec78b9]" name="setUp" is-config="true" duration-ms="4385" started-at="2021-08-31T09:26:44 IST" finished-at="2021-08-31T09:26:48 IST">
          <reporter-output>
          </reporter-output>
        </test-method> <!-- setUp -->
        <test-method status="PASS" signature="validateLoginFunctionality()[pri:1, instance:TestLayer.ContactPageTest@77ec78b9]" name="validateLoginFunctionality" duration-ms="7646" started-at="2021-08-31T09:26:48 IST" finished-at="2021-08-31T09:26:56 IST">
          <reporter-output>
          </reporter-output>
        </test-method> <!-- validateLoginFunctionality -->
        <test-method status="PASS" signature="validateLoggedUserName()[pri:2, instance:TestLayer.ContactPageTest@77ec78b9]" name="validateLoggedUserName" duration-ms="6500" started-at="2021-08-31T09:26:56 IST" finished-at="2021-08-31T09:27:03 IST">
          <reporter-output>
          </reporter-output>
        </test-method> <!-- validateLoggedUserName -->
        <test-method status="PASS" signature="validateContactLink()[pri:3, instance:TestLayer.ContactPageTest@77ec78b9]" name="validateContactLink" duration-ms="140" started-at="2021-08-31T09:27:03 IST" finished-at="2021-08-31T09:27:03 IST">
          <reporter-output>
          </reporter-output>
        </test-method> <!-- validateContactLink -->
        <test-method status="PASS" signature="ValidateCreateNewUserInContactPage()[pri:4, instance:TestLayer.ContactPageTest@77ec78b9]" name="ValidateCreateNewUserInContactPage" duration-ms="301" started-at="2021-08-31T09:27:03 IST" finished-at="2021-08-31T09:27:03 IST">
          <reporter-output>
          </reporter-output>
        </test-method> <!-- ValidateCreateNewUserInContactPage -->
        <test-method status="PASS" signature="ValidateFirstNameIncontactPage()[pri:5, instance:TestLayer.ContactPageTest@77ec78b9]" name="ValidateFirstNameIncontactPage" duration-ms="356" started-at="2021-08-31T09:27:04 IST" finished-at="2021-08-31T09:27:04 IST">
          <reporter-output>
          </reporter-output>
        </test-method> <!-- ValidateFirstNameIncontactPage -->
        <test-method status="PASS" signature="ValidateMiddleNameIncontactPage()[pri:6, instance:TestLayer.ContactPageTest@77ec78b9]" name="ValidateMiddleNameIncontactPage" duration-ms="349" started-at="2021-08-31T09:27:04 IST" finished-at="2021-08-31T09:27:05 IST">
          <reporter-output>
          </reporter-output>
        </test-method> <!-- ValidateMiddleNameIncontactPage -->
        <test-method status="PASS" signature="ValidateLastNameIncontactPage()[pri:7, instance:TestLayer.ContactPageTest@77ec78b9]" name="ValidateLastNameIncontactPage" duration-ms="246" started-at="2021-08-31T09:27:05 IST" finished-at="2021-08-31T09:27:05 IST">
          <reporter-output>
          </reporter-output>
        </test-method> <!-- ValidateLastNameIncontactPage -->
        <test-method status="PASS" signature="ValidateEmailIdIncontactPage()[pri:8, instance:TestLayer.ContactPageTest@77ec78b9]" name="ValidateEmailIdIncontactPage" duration-ms="889" started-at="2021-08-31T09:27:05 IST" finished-at="2021-08-31T09:27:06 IST">
          <reporter-output>
          </reporter-output>
        </test-method> <!-- ValidateEmailIdIncontactPage -->
        <test-method status="PASS" signature="tearDown()[pri:0, instance:TestLayer.ContactPageTest@77ec78b9]" name="tearDown" is-config="true" duration-ms="204" started-at="2021-08-31T09:27:06 IST" finished-at="2021-08-31T09:27:06 IST">
          <reporter-output>
          </reporter-output>
        </test-method> <!-- tearDown -->
      </class> <!-- TestLayer.ContactPageTest -->
    </test> <!-- Test -->
  </suite> <!-- Suite -->
</testng-results>
